Arguments: 
  D:\Program Files\node\node.exe D:\Program Files\Yarn\bin\yarn.js publish

PATH: 
  C:\Program Files (x86)\Java\jdk-11.0.1\bin;C:\Program Files\Git\cmd;C:\Program Files (x86)\NVIDIA Corporation\PhysX\Common;C:\ProgramData\chocolatey\bin;D:\Program Files\Python3;D:\Program Files\Python3\Scripts\;C:\Program Files\Java\jdk-11.0.1\bin;C:\Windows\System32\;C:\WINDOWS\system32;C:\WINDOWS;C:\WINDOWS\System32\Wbem;C:\WINDOWS\System32\WindowsPowerShell\v1.0\;C:\WINDOWS\System32\OpenSSH\;C:\Users\Andrew Cen\AppData\Local\Android\Sdk\platform-tools\;D:\Program Files\XAMPP\php;C:\ProgramData\ComposerSetup\bin;D:\Program Files\Yarn\bin\;C:\Users\Andrew Cen\AppData\Local\Android\Sdk\tools;C:\Users\Andrew Cen\AppData\Local\Android\Sdk\platform-tools;C:\Users\Andrew Cen\AppData\Local\Android\Sdk\tools\bin;D:\Program Files\node\;D:\Program Files\aws-cli\;D:\Program Files\Python\Scripts\;D:\Program Files\Python\;D:\Program Files\Python3\Scripts\;D:\Program Files\Python3\;C:\Program Files\heroku\bin;C:\Users\Andrew Cen\AppData\Local\atom\bin;D:\Program Files\heroku\bin;C:\Users\Andrew Cen\AppData\Local\Microsoft\WindowsApps;C:\Users\Andrew Cen\AppData\Local\GitHubDesktop\bin;D:\Program Files\Flutter\flutter\bin;C:\Users\Andrew Cen\AppData\Roaming\Composer\vendor\bin;C:\Users\Andrew Cen\AppData\Local\Yarn\bin;C:\tools\dart-sdk\bin;C:\Users\Andrew Cen\AppData\Roaming\Pub\Cache\bin;C:\Users\Andrew Cen\.deno\bin;D:\Program Files\scrcpy-win64-v1.14;C:\Users\Andrew Cen\AppData\Roaming\npm;D:\Program Files\VSCodium\bin

Yarn version: 
  1.22.4

Node version: 
  14.4.0

Platform: 
  win32 x64

Trace: 
  Error: canceled
      at Interface.<anonymous> (D:\Program Files\Yarn\lib\cli.js:137008:13)
      at Interface.emit (events.js:315:20)
      at Interface._ttyWrite (readline.js:873:16)
      at ReadStream.onkeypress (readline.js:213:10)
      at ReadStream.emit (events.js:315:20)
      at emitKeys (internal/readline/utils.js:335:14)
      at emitKeys.next (<anonymous>)
      at ReadStream.onData (readline.js:1140:36)
      at ReadStream.emit (events.js:315:20)
      at addChunk (_stream_readable.js:302:12)

npm manifest: 
  {
    "name": "enkerip",
    "description": "A light-weight crypto library with zero dependencies",
    "version": "1.0.1",
    "main": "index.js",
    "license": "Apache-2.0",
    "dependencies": {}
  }

yarn manifest: 
  No manifest

Lockfile: 
  # THIS IS AN AUTOGENERATED FILE. DO NOT EDIT THIS FILE DIRECTLY.
  # yarn lockfile v1
